2026-02-04 16:32:50 0 [Note] Starting MariaDB 12.1.2-MariaDB source revision 70117463f032d59f8e328335e19b59157d34cf07 server_uid JqQadHbYV4CpSXM7J6wIiSbNCqE= as process 25188
2026-02-04 16:32:50 0 [Note] InnoDB: The first data file './ibdata1' did not exist. A new tablespace will be created!
2026-02-04 16:32:50 0 [Note] InnoDB: Compressed tables use zlib 1.3.1
2026-02-04 16:32:50 0 [Note] InnoDB: Number of transaction pools: 1
2026-02-04 16:32:50 0 [Note] InnoDB: Using crc32 + pclmulqdq instructions
2026-02-04 16:32:50 0 [Note] InnoDB: Using ThreadPool
2026-02-04 16:32:50 0 [Note] InnoDB: innodb_buffer_pool_size_max=4064m, innodb_buffer_pool_size=4063m
2026-02-04 16:32:50 0 [Note] InnoDB: Completed initialization of buffer pool
2026-02-04 16:32:50 0 [Note] InnoDB: Setting file './ibdata1' size to 12.000MiB. Physically writing the file full; Please wait ...
2026-02-04 16:32:50 0 [Note] InnoDB: File './ibdata1' size is now 12.000MiB.
2026-02-04 16:32:50 0 [Note] InnoDB: File system buffers for log disabled (block size=4096 bytes)
2026-02-04 16:32:50 0 [Note] InnoDB: Data file .//undo001 did not exist: new to be created
2026-02-04 16:32:50 0 [Note] InnoDB: Setting file .//undo001 size to 10.000MiB
2026-02-04 16:32:50 0 [Note] InnoDB: Database physically writes the file full: wait...
2026-02-04 16:32:50 0 [Note] InnoDB: Data file .//undo002 did not exist: new to be created
2026-02-04 16:32:50 0 [Note] InnoDB: Setting file .//undo002 size to 10.000MiB
2026-02-04 16:32:50 0 [Note] InnoDB: Database physically writes the file full: wait...
2026-02-04 16:32:50 0 [Note] InnoDB: Data file .//undo003 did not exist: new to be created
2026-02-04 16:32:50 0 [Note] InnoDB: Setting file .//undo003 size to 10.000MiB
2026-02-04 16:32:50 0 [Note] InnoDB: Database physically writes the file full: wait...
2026-02-04 16:32:50 0 [Note] InnoDB: Doublewrite buffer not found: creating new
2026-02-04 16:32:50 0 [Note] InnoDB: Doublewrite buffer created
2026-02-04 16:32:50 0 [Note] InnoDB: Opened 3 undo tablespaces
2026-02-04 16:32:50 0 [Note] InnoDB: 128 rollback segments in 3 undo tablespaces are active.
2026-02-04 16:32:50 0 [Note] InnoDB: Setting file './ibtmp1' size to 12.000MiB. Physically writing the file full; Please wait ...
2026-02-04 16:32:50 0 [Note] InnoDB: File './ibtmp1' size is now 12.000MiB.
2026-02-04 16:32:50 0 [Note] InnoDB: log sequence number 0; transaction id 3
2026-02-04 16:32:50 0 [Note] Plugin 'FEEDBACK' is disabled.
2026-02-04 16:32:50 0 [Note] mysqld.exe: SSPI: using principal name 'localhost', mech 'Negotiate'
2026-02-04 16:32:50 0 [ERROR] Could not open mysql.plugin table: "Table 'mysql.plugin' doesn't exist". Some plugins may be not loaded
2026-02-04 16:32:50 0 [ERROR] C:\Program Files\MariaDB 12.1\bin\mysqld.exe: unknown option '--initialize-insecure'
2026-02-04 16:32:50 0 [ERROR] Aborting
